<?xml version="1.0" encoding="UTF-8"?>
<!-- Generated by org.testng.reporters.JUnitReportReporter -->
<testsuite hostname="LAPTOP-HM27NJ2J" failures="0" tests="1" name="Orange.Hrm.Reports" time="22.555" errors="0" timestamp="2024-03-01T00:06:13 IST" skipped="0">
  <testcase classname="Orange.Hrm.Reports" name="reportmethod" time="22.555"/>
  <system-out/>
</testsuite> <!-- Orange.Hrm.Reports -->
