<?xml version="1.0" encoding="UTF-8"?>
<!-- Generated by org.testng.reporters.JUnitReportReporter -->
<testsuite hostname="LAPTOP-HM27NJ2J" failures="0" tests="1" name="Orange.Hrm.Salary" time="13.739" errors="0" timestamp="2024-02-29T22:56:41 IST" skipped="0">
  <testcase classname="Orange.Hrm.Salary" name="salaryMethod" time="13.739"/>
  <system-out/>
</testsuite> <!-- Orange.Hrm.Salary -->
