<?xml version="1.0" encoding="UTF-8"?>
<!-- Generated by org.testng.reporters.JUnitReportReporter -->
<testsuite hostname="LAPTOP-HM27NJ2J" failures="0" tests="1" name="Orange.Hrm.jobClass" time="16.589" errors="0" timestamp="2024-02-29T22:49:51 IST" skipped="0">
  <testcase classname="Orange.Hrm.jobClass" name="jobmethod" time="16.589"/>
  <system-out/>
</testsuite> <!-- Orange.Hrm.jobClass -->
